2026-03-21 11:37:41,963 - haup.worker_0 - INFO - Worker 0: Starting up (PID: 25204)
2026-03-21 11:37:41,963 - haup.worker_0 - INFO - Worker 0: Loading sentence transformer model...
2026-03-21 11:39:08,558 - haup.worker_0 - INFO - Worker 0: Model loaded and tested successfully (output shape: (1, 384))
2026-03-21 11:39:08,558 - haup.worker_0 - INFO - Worker 0: Ready to process chunks
2026-03-21 11:39:08,582 - haup.worker_0 - INFO - Worker 0: Processing chunk 0 with 34 rows
2026-03-21 11:39:08,582 - haup.worker_0 - INFO - Worker 0: Serialized 34 texts for chunk 0
2026-03-21 11:39:08,582 - haup.worker_0 - DEBUG - Worker 0: Encoding batch 0 with 32 items (retry 0)
2026-03-21 11:39:09,102 - haup.worker_0 - INFO - Worker 0: Encoded 32 vectors for chunk 0, batch 0
2026-03-21 11:39:09,102 - haup.worker_0 - DEBUG - Worker 0: Encoding batch 1 with 2 items (retry 0)
2026-03-21 11:39:09,142 - haup.worker_0 - INFO - Worker 0: Encoded 2 vectors for chunk 0, batch 1
2026-03-21 11:39:09,142 - haup.worker_0 - INFO - Worker 0: Sending 34 vectors for chunk 0
2026-03-21 11:39:09,150 - haup.worker_0 - INFO - Worker 0: Completed chunk 0 (total chunks: 1)
2026-03-21 11:39:09,150 - haup.worker_0 - INFO - Worker 0: Received shutdown signal
2026-03-21 11:39:09,150 - haup.worker_0 - INFO - Worker 0: Shutting down (processed 1 chunks)
2026-03-21 13:40:28,922 - haup.worker_0 - INFO - Worker 0: Starting up (PID: 27260)
2026-03-21 13:40:28,922 - haup.worker_0 - INFO - Worker 0: Loading sentence transformer model...
2026-03-21 13:41:21,913 - haup.worker_0 - INFO - Worker 0: Model loaded and tested successfully (output shape: (1, 384))
2026-03-21 13:41:21,913 - haup.worker_0 - INFO - Worker 0: Ready to process chunks
2026-03-21 13:41:21,945 - haup.worker_0 - INFO - Worker 0: Processing chunk 0 with 34 rows
2026-03-21 13:41:21,945 - haup.worker_0 - INFO - Worker 0: Serialized 34 texts for chunk 0
2026-03-21 13:41:21,945 - haup.worker_0 - DEBUG - Worker 0: Encoding batch 0 with 32 items (retry 0)
2026-03-21 13:41:22,353 - haup.worker_0 - INFO - Worker 0: Encoded 32 vectors for chunk 0, batch 0
2026-03-21 13:41:22,353 - haup.worker_0 - DEBUG - Worker 0: Encoding batch 1 with 2 items (retry 0)
2026-03-21 13:41:22,411 - haup.worker_0 - INFO - Worker 0: Encoded 2 vectors for chunk 0, batch 1
2026-03-21 13:41:22,411 - haup.worker_0 - INFO - Worker 0: Sending 34 vectors for chunk 0
2026-03-21 13:41:22,416 - haup.worker_0 - INFO - Worker 0: Completed chunk 0 (total chunks: 1)
2026-03-21 13:41:22,416 - haup.worker_0 - INFO - Worker 0: Processing chunk 2 with 32 rows
2026-03-21 13:41:22,416 - haup.worker_0 - INFO - Worker 0: Serialized 32 texts for chunk 2
2026-03-21 13:41:22,416 - haup.worker_0 - DEBUG - Worker 0: Encoding batch 0 with 32 items (retry 0)
2026-03-21 13:41:22,783 - haup.worker_0 - INFO - Worker 0: Encoded 32 vectors for chunk 2, batch 0
2026-03-21 13:41:22,783 - haup.worker_0 - INFO - Worker 0: Sending 32 vectors for chunk 2
2026-03-21 13:41:22,783 - haup.worker_0 - INFO - Worker 0: Completed chunk 2 (total chunks: 2)
2026-03-21 13:41:22,784 - haup.worker_0 - INFO - Worker 0: Received shutdown signal
2026-03-21 13:41:22,786 - haup.worker_0 - INFO - Worker 0: Shutting down (processed 2 chunks)
2026-03-21 14:07:36,403 - haup.worker_0 - INFO - Worker 0: Starting up (PID: 4728)
2026-03-21 14:07:36,403 - haup.worker_0 - INFO - Worker 0: Loading sentence transformer model...
2026-03-21 14:08:20,646 - haup.worker_0 - INFO - Worker 0: Model loaded and tested successfully (output shape: (1, 384))
2026-03-21 14:08:20,646 - haup.worker_0 - INFO - Worker 0: Ready to process chunks
2026-03-21 14:08:20,656 - haup.worker_0 - INFO - Worker 0: Processing chunk 1 with 34 rows
2026-03-21 14:08:20,656 - haup.worker_0 - INFO - Worker 0: Serialized 34 texts for chunk 1
2026-03-21 14:08:20,656 - haup.worker_0 - DEBUG - Worker 0: Encoding batch 0 with 32 items (retry 0)
2026-03-21 14:08:21,057 - haup.worker_0 - INFO - Worker 0: Encoded 32 vectors for chunk 1, batch 0
2026-03-21 14:08:21,057 - haup.worker_0 - DEBUG - Worker 0: Encoding batch 1 with 2 items (retry 0)
2026-03-21 14:08:21,090 - haup.worker_0 - INFO - Worker 0: Encoded 2 vectors for chunk 1, batch 1
2026-03-21 14:08:21,090 - haup.worker_0 - INFO - Worker 0: Sending 34 vectors for chunk 1
2026-03-21 14:08:21,090 - haup.worker_0 - INFO - Worker 0: Completed chunk 1 (total chunks: 1)
2026-03-21 14:08:21,090 - haup.worker_0 - INFO - Worker 0: Received shutdown signal
2026-03-21 14:08:21,090 - haup.worker_0 - INFO - Worker 0: Shutting down (processed 1 chunks)
2026-03-21 14:29:59,292 - haup.worker_0 - INFO - Worker 0: Starting up (PID: 9420)
2026-03-21 14:29:59,294 - haup.worker_0 - INFO - Worker 0: Loading sentence transformer model...
2026-03-21 14:30:17,225 - haup.worker_0 - INFO - Worker 0: Model loaded and tested successfully (output shape: (1, 384))
2026-03-21 14:30:17,225 - haup.worker_0 - INFO - Worker 0: Ready to process chunks
2026-03-21 14:30:17,242 - haup.worker_0 - INFO - Worker 0: Processing chunk 0 with 34 rows
2026-03-21 14:30:17,242 - haup.worker_0 - INFO - Worker 0: Serialized 34 texts for chunk 0
2026-03-21 14:30:17,242 - haup.worker_0 - DEBUG - Worker 0: Encoding batch 0 with 32 items (retry 0)
2026-03-21 14:30:17,566 - haup.worker_0 - INFO - Worker 0: Encoded 32 vectors for chunk 0, batch 0
2026-03-21 14:30:17,568 - haup.worker_0 - DEBUG - Worker 0: Encoding batch 1 with 2 items (retry 0)
2026-03-21 14:30:17,627 - haup.worker_0 - INFO - Worker 0: Encoded 2 vectors for chunk 0, batch 1
2026-03-21 14:30:17,627 - haup.worker_0 - INFO - Worker 0: Sending 34 vectors for chunk 0
2026-03-21 14:30:17,630 - haup.worker_0 - INFO - Worker 0: Completed chunk 0 (total chunks: 1)
2026-03-21 14:30:17,630 - haup.worker_0 - INFO - Worker 0: Processing chunk 2 with 32 rows
2026-03-21 14:30:17,630 - haup.worker_0 - INFO - Worker 0: Serialized 32 texts for chunk 2
2026-03-21 14:30:17,630 - haup.worker_0 - DEBUG - Worker 0: Encoding batch 0 with 32 items (retry 0)
2026-03-21 14:30:18,009 - haup.worker_0 - INFO - Worker 0: Encoded 32 vectors for chunk 2, batch 0
2026-03-21 14:30:18,009 - haup.worker_0 - INFO - Worker 0: Sending 32 vectors for chunk 2
2026-03-21 14:30:18,009 - haup.worker_0 - INFO - Worker 0: Completed chunk 2 (total chunks: 2)
2026-03-21 14:30:18,010 - haup.worker_0 - INFO - Worker 0: Received shutdown signal
2026-03-21 14:30:18,010 - haup.worker_0 - INFO - Worker 0: Shutting down (processed 2 chunks)
2026-03-21 17:09:28,809 - haup.worker_0 - INFO - Worker 0: Starting up (PID: 14248)
2026-03-21 17:09:28,809 - haup.worker_0 - INFO - Worker 0: Loading sentence transformer model...
2026-03-21 17:09:50,106 - haup.worker_0 - INFO - Worker 0: Model loaded and tested successfully (output shape: (1, 384))
2026-03-21 17:09:50,106 - haup.worker_0 - INFO - Worker 0: Ready to process chunks
2026-03-21 17:09:50,141 - haup.worker_0 - INFO - Worker 0: Processing chunk 1 with 100 rows
2026-03-21 17:09:50,141 - haup.worker_0 - INFO - Worker 0: Serialized 100 texts for chunk 1
2026-03-21 17:09:50,141 - haup.worker_0 - DEBUG - Worker 0: Encoding batch 0 with 32 items (retry 0)
2026-03-21 17:09:50,659 - haup.worker_0 - INFO - Worker 0: Encoded 32 vectors for chunk 1, batch 0
2026-03-21 17:09:50,659 - haup.worker_0 - DEBUG - Worker 0: Encoding batch 1 with 40 items (retry 0)
2026-03-21 17:09:51,283 - haup.worker_0 - INFO - Worker 0: Encoded 40 vectors for chunk 1, batch 1
2026-03-21 17:09:51,283 - haup.worker_0 - DEBUG - Worker 0: Encoding batch 2 with 36 items (retry 0)
2026-03-21 17:09:51,844 - haup.worker_0 - INFO - Worker 0: Encoded 36 vectors for chunk 1, batch 2
2026-03-21 17:09:51,844 - haup.worker_0 - DEBUG - Worker 0: Encoding batch 3 with 4 items (retry 0)
2026-03-21 17:09:51,961 - haup.worker_0 - INFO - Worker 0: Encoded 4 vectors for chunk 1, batch 3
2026-03-21 17:09:51,961 - haup.worker_0 - INFO - Worker 0: Sending 112 vectors for chunk 1
2026-03-21 17:09:51,969 - haup.worker_0 - INFO - Worker 0: Completed chunk 1 (total chunks: 1)
2026-03-21 17:09:51,969 - haup.worker_0 - INFO - Worker 0: Received shutdown signal
2026-03-21 17:09:51,969 - haup.worker_0 - INFO - Worker 0: Shutting down (processed 1 chunks)
