2026-03-21 11:37:41,963 - haup.worker_1 - INFO - Worker 1: Starting up (PID: 16492)
2026-03-21 11:37:41,963 - haup.worker_1 - INFO - Worker 1: Loading sentence transformer model...
2026-03-21 11:39:08,558 - haup.worker_1 - INFO - Worker 1: Model loaded and tested successfully (output shape: (1, 384))
2026-03-21 11:39:08,558 - haup.worker_1 - INFO - Worker 1: Ready to process chunks
2026-03-21 11:39:08,582 - haup.worker_1 - INFO - Worker 1: Processing chunk 1 with 34 rows
2026-03-21 11:39:08,582 - haup.worker_1 - INFO - Worker 1: Serialized 34 texts for chunk 1
2026-03-21 11:39:08,582 - haup.worker_1 - DEBUG - Worker 1: Encoding batch 0 with 32 items (retry 0)
2026-03-21 11:39:09,102 - haup.worker_1 - INFO - Worker 1: Encoded 32 vectors for chunk 1, batch 0
2026-03-21 11:39:09,102 - haup.worker_1 - DEBUG - Worker 1: Encoding batch 1 with 2 items (retry 0)
2026-03-21 11:39:09,142 - haup.worker_1 - INFO - Worker 1: Encoded 2 vectors for chunk 1, batch 1
2026-03-21 11:39:09,142 - haup.worker_1 - INFO - Worker 1: Sending 34 vectors for chunk 1
2026-03-21 11:39:09,150 - haup.worker_1 - INFO - Worker 1: Completed chunk 1 (total chunks: 1)
2026-03-21 11:39:09,150 - haup.worker_1 - INFO - Worker 1: Processing chunk 2 with 32 rows
2026-03-21 11:39:09,150 - haup.worker_1 - INFO - Worker 1: Serialized 32 texts for chunk 2
2026-03-21 11:39:09,150 - haup.worker_1 - DEBUG - Worker 1: Encoding batch 0 with 32 items (retry 0)
2026-03-21 11:39:09,510 - haup.worker_1 - INFO - Worker 1: Encoded 32 vectors for chunk 2, batch 0
2026-03-21 11:39:09,510 - haup.worker_1 - INFO - Worker 1: Sending 32 vectors for chunk 2
2026-03-21 11:39:09,510 - haup.worker_1 - INFO - Worker 1: Completed chunk 2 (total chunks: 2)
2026-03-21 11:39:09,510 - haup.worker_1 - INFO - Worker 1: Received shutdown signal
2026-03-21 11:39:09,510 - haup.worker_1 - INFO - Worker 1: Shutting down (processed 2 chunks)
2026-03-21 13:40:29,122 - haup.worker_1 - INFO - Worker 1: Starting up (PID: 27356)
2026-03-21 13:40:29,122 - haup.worker_1 - INFO - Worker 1: Loading sentence transformer model...
2026-03-21 13:41:22,023 - haup.worker_1 - INFO - Worker 1: Model loaded and tested successfully (output shape: (1, 384))
2026-03-21 13:41:22,023 - haup.worker_1 - INFO - Worker 1: Ready to process chunks
2026-03-21 13:41:22,039 - haup.worker_1 - INFO - Worker 1: Processing chunk 1 with 34 rows
2026-03-21 13:41:22,039 - haup.worker_1 - INFO - Worker 1: Serialized 34 texts for chunk 1
2026-03-21 13:41:22,039 - haup.worker_1 - DEBUG - Worker 1: Encoding batch 0 with 32 items (retry 0)
2026-03-21 13:41:22,479 - haup.worker_1 - INFO - Worker 1: Encoded 32 vectors for chunk 1, batch 0
2026-03-21 13:41:22,479 - haup.worker_1 - DEBUG - Worker 1: Encoding batch 1 with 2 items (retry 0)
2026-03-21 13:41:22,543 - haup.worker_1 - INFO - Worker 1: Encoded 2 vectors for chunk 1, batch 1
2026-03-21 13:41:22,543 - haup.worker_1 - INFO - Worker 1: Sending 34 vectors for chunk 1
2026-03-21 13:41:22,543 - haup.worker_1 - INFO - Worker 1: Completed chunk 1 (total chunks: 1)
2026-03-21 13:41:22,543 - haup.worker_1 - INFO - Worker 1: Received shutdown signal
2026-03-21 13:41:22,543 - haup.worker_1 - INFO - Worker 1: Shutting down (processed 1 chunks)
2026-03-21 14:07:36,403 - haup.worker_1 - INFO - Worker 1: Starting up (PID: 6196)
2026-03-21 14:07:36,403 - haup.worker_1 - INFO - Worker 1: Loading sentence transformer model...
2026-03-21 14:08:20,646 - haup.worker_1 - INFO - Worker 1: Model loaded and tested successfully (output shape: (1, 384))
2026-03-21 14:08:20,646 - haup.worker_1 - INFO - Worker 1: Ready to process chunks
2026-03-21 14:08:20,656 - haup.worker_1 - INFO - Worker 1: Processing chunk 0 with 34 rows
2026-03-21 14:08:20,656 - haup.worker_1 - INFO - Worker 1: Serialized 34 texts for chunk 0
2026-03-21 14:08:20,656 - haup.worker_1 - DEBUG - Worker 1: Encoding batch 0 with 32 items (retry 0)
2026-03-21 14:08:21,049 - haup.worker_1 - INFO - Worker 1: Encoded 32 vectors for chunk 0, batch 0
2026-03-21 14:08:21,050 - haup.worker_1 - DEBUG - Worker 1: Encoding batch 1 with 2 items (retry 0)
2026-03-21 14:08:21,086 - haup.worker_1 - INFO - Worker 1: Encoded 2 vectors for chunk 0, batch 1
2026-03-21 14:08:21,086 - haup.worker_1 - INFO - Worker 1: Sending 34 vectors for chunk 0
2026-03-21 14:08:21,090 - haup.worker_1 - INFO - Worker 1: Completed chunk 0 (total chunks: 1)
2026-03-21 14:08:21,090 - haup.worker_1 - INFO - Worker 1: Processing chunk 2 with 32 rows
2026-03-21 14:08:21,090 - haup.worker_1 - INFO - Worker 1: Serialized 32 texts for chunk 2
2026-03-21 14:08:21,090 - haup.worker_1 - DEBUG - Worker 1: Encoding batch 0 with 32 items (retry 0)
2026-03-21 14:08:21,428 - haup.worker_1 - INFO - Worker 1: Encoded 32 vectors for chunk 2, batch 0
2026-03-21 14:08:21,428 - haup.worker_1 - INFO - Worker 1: Sending 32 vectors for chunk 2
2026-03-21 14:08:21,428 - haup.worker_1 - INFO - Worker 1: Completed chunk 2 (total chunks: 2)
2026-03-21 14:08:21,431 - haup.worker_1 - INFO - Worker 1: Received shutdown signal
2026-03-21 14:08:21,431 - haup.worker_1 - INFO - Worker 1: Shutting down (processed 2 chunks)
2026-03-21 14:29:59,311 - haup.worker_1 - INFO - Worker 1: Starting up (PID: 26988)
2026-03-21 14:29:59,311 - haup.worker_1 - INFO - Worker 1: Loading sentence transformer model...
2026-03-21 14:30:17,427 - haup.worker_1 - INFO - Worker 1: Model loaded and tested successfully (output shape: (1, 384))
2026-03-21 14:30:17,427 - haup.worker_1 - INFO - Worker 1: Ready to process chunks
2026-03-21 14:30:17,443 - haup.worker_1 - INFO - Worker 1: Processing chunk 1 with 34 rows
2026-03-21 14:30:17,443 - haup.worker_1 - INFO - Worker 1: Serialized 34 texts for chunk 1
2026-03-21 14:30:17,443 - haup.worker_1 - DEBUG - Worker 1: Encoding batch 0 with 32 items (retry 0)
2026-03-21 14:30:17,860 - haup.worker_1 - INFO - Worker 1: Encoded 32 vectors for chunk 1, batch 0
2026-03-21 14:30:17,860 - haup.worker_1 - DEBUG - Worker 1: Encoding batch 1 with 2 items (retry 0)
2026-03-21 14:30:17,896 - haup.worker_1 - INFO - Worker 1: Encoded 2 vectors for chunk 1, batch 1
2026-03-21 14:30:17,896 - haup.worker_1 - INFO - Worker 1: Sending 34 vectors for chunk 1
2026-03-21 14:30:17,896 - haup.worker_1 - INFO - Worker 1: Completed chunk 1 (total chunks: 1)
2026-03-21 14:30:17,896 - haup.worker_1 - INFO - Worker 1: Received shutdown signal
2026-03-21 14:30:17,896 - haup.worker_1 - INFO - Worker 1: Shutting down (processed 1 chunks)
2026-03-21 17:09:28,809 - haup.worker_1 - INFO - Worker 1: Starting up (PID: 13344)
2026-03-21 17:09:28,809 - haup.worker_1 - INFO - Worker 1: Loading sentence transformer model...
2026-03-21 17:09:50,106 - haup.worker_1 - INFO - Worker 1: Model loaded and tested successfully (output shape: (1, 384))
2026-03-21 17:09:50,106 - haup.worker_1 - INFO - Worker 1: Ready to process chunks
2026-03-21 17:09:50,106 - haup.worker_1 - INFO - Worker 1: Received shutdown signal
2026-03-21 17:09:50,106 - haup.worker_1 - INFO - Worker 1: Shutting down (processed 0 chunks)
